
2020-10-09T13:39:06.596286+00:00 app[api]: Release v1 created by user igor.amorim@aluno.faculdadeimpacta.com.br
2020-10-09T13:39:06.596286+00:00 app[api]: Initial release by user igor.amorim@aluno.faculdadeimpacta.com.br
2020-10-09T13:39:06.848691+00:00 app[api]: Release v2 created by user igor.amorim@aluno.faculdadeimpacta.com.br
2020-10-09T13:39:06.848691+00:00 app[api]: Enable Logplex by user igor.amorim@aluno.faculdadeimpacta.com.br
2020-10-09T14:13:11.000000+00:00 app[api]: Build started by user igor.amorim@aluno.faculdadeimpacta.com.br
2020-10-09T14:13:27.000000+00:00 app[api]: Build failed -- check your build output: https://dashboard.heroku.com/apps/bb5e92d3-f4ec-41ae-85f3-9a02bddff2ec/activity/builds/beda1e2a-9642-4c3e-89b6-14e0cd09e960
2020-10-09T14:15:19.000000+00:00 app[api]: Build started by user igor.amorim@aluno.faculdadeimpacta.com.br
2020-10-09T14:15:34.000000+00:00 app[api]: Build failed -- check your build output: https://dashboard.heroku.com/apps/bb5e92d3-f4ec-41ae-85f3-9a02bddff2ec/activity/builds/b006afb9-e003-4533-a177-fd2f56976b24
2020-10-09T14:16:23.000000+00:00 app[api]: Build started by user igor.amorim@aluno.faculdadeimpacta.com.br
2020-10-09T14:16:38.000000+00:00 app[api]: Build failed -- check your build output: https://dashboard.heroku.com/apps/bb5e92d3-f4ec-41ae-85f3-9a02bddff2ec/activity/builds/bd960f39-d819-4d27-b1b2-db3e2e329e89
2020-10-09T14:18:15.000000+00:00 app[api]: Build started by user igor.amorim@aluno.faculdadeimpacta.com.br
2020-10-09T14:18:30.000000+00:00 app[api]: Build failed -- check your build output: https://dashboard.heroku.com/apps/bb5e92d3-f4ec-41ae-85f3-9a02bddff2ec/activity/builds/5cf32331-1fcb-4b5e-a153-bd23fcb62e3f
2020-10-09T14:20:24.000000+00:00 app[api]: Build started by user igor.amorim@aluno.faculdadeimpacta.com.br
2020-10-09T14:20:39.000000+00:00 app[api]: Build failed -- check your build output: https://dashboard.heroku.com/apps/bb5e92d3-f4ec-41ae-85f3-9a02bddff2ec/activity/builds/5ffb8109-b88f-4abf-a61e-4e186f461034
2020-10-09T14:33:18.000000+00:00 app[api]: Build started by user igor.amorim@aluno.faculdadeimpacta.com.br
2020-10-09T14:33:43.384093+00:00 app[api]: Release v3 created by user igor.amorim@aluno.faculdadeimpacta.com.br
2020-10-09T14:33:43.384093+00:00 app[api]: Deploy c0dc33fb by user igor.amorim@aluno.faculdadeimpacta.com.br
2020-10-09T14:33:43.401882+00:00 app[api]: Scaled to web@1:Free by user igor.amorim@aluno.faculdadeimpacta.com.br
2020-10-09T14:33:47.444449+00:00 heroku[web.1]: Starting process with command `python t8.py`
2020-10-09T14:33:49.980952+00:00 app[web.1]: File "t8.py", line 12
2020-10-09T14:33:49.980981+00:00 app[web.1]: if __name__ == "__main__":
2020-10-09T14:33:49.980981+00:00 app[web.1]: ^
2020-10-09T14:33:49.980982+00:00 app[web.1]: IndentationError: expected an indented block
2020-10-09T14:33:50.063670+00:00 heroku[web.1]: Process exited with status 1
2020-10-09T14:33:50.114699+00:00 heroku[web.1]: State changed from starting to crashed
2020-10-09T14:33:50.117670+00:00 heroku[web.1]: State changed from crashed to starting
2020-10-09T14:33:52.000000+00:00 app[api]: Build succeeded
2020-10-09T14:33:53.466970+00:00 heroku[web.1]: Starting process with command `python t8.py`
2020-10-09T14:33:55.874002+00:00 app[web.1]: File "t8.py", line 12
2020-10-09T14:33:55.874061+00:00 app[web.1]: if __name__ == "__main__":
2020-10-09T14:33:55.874062+00:00 app[web.1]: ^
2020-10-09T14:33:55.874062+00:00 app[web.1]: IndentationError: expected an indented block
2020-10-09T14:33:55.924522+00:00 heroku[web.1]: Process exited with status 1
2020-10-09T14:33:55.974026+00:00 heroku[web.1]: State changed from starting to crashed
2020-10-09T14:39:07.745435+00:00 heroku[router]: at=error code=H10 desc="App crashed" method=GET path="/" host=defesaactres.herokuapp.com request_id=ab43e63c-f402-4f6a-8948-d83763889eb3 fwd="201.68.194.142" dyno= connect= service= status=503 bytes= protocol=https
2020-10-09T14:39:09.632453+00:00 heroku[router]: at=error code=H10 desc="App crashed" method=GET path="/favicon.ico" host=defesaactres.herokuapp.com request_id=250ffa7f-53b0-4ac6-a877-d285c709dc75 fwd="201.68.194.142" dyno= connect= service= status=503 bytes= protocol=https
2020-10-09T15:07:52.000000+00:00 app[api]: Build started by user igor.amorim@aluno.faculdadeimpacta.com.br
2020-10-09T15:08:18.665526+00:00 app[api]: Deploy c0dc33fb by user igor.amorim@aluno.faculdadeimpacta.com.br
2020-10-09T15:08:18.665526+00:00 app[api]: Release v4 created by user igor.amorim@aluno.faculdadeimpacta.com.br
2020-10-09T15:08:18.847246+00:00 heroku[web.1]: State changed from crashed to starting
2020-10-09T15:08:22.226461+00:00 heroku[web.1]: Starting process with command `python t8.py`
2020-10-09T15:08:25.251695+00:00 app[web.1]: File "t8.py", line 12
2020-10-09T15:08:25.251733+00:00 app[web.1]: if __name__ == "__main__":
2020-10-09T15:08:25.251741+00:00 app[web.1]: ^
2020-10-09T15:08:25.251746+00:00 app[web.1]: IndentationError: expected an indented block
2020-10-09T15:08:25.318326+00:00 heroku[web.1]: Process exited with status 1
2020-10-09T15:08:25.364509+00:00 heroku[web.1]: State changed from starting to crashed
2020-10-09T15:08:25.367448+00:00 heroku[web.1]: State changed from crashed to starting
2020-10-09T15:08:27.000000+00:00 app[api]: Build succeeded
2020-10-09T15:08:28.867290+00:00 heroku[web.1]: Starting process with command `python t8.py`
2020-10-09T15:08:31.126471+00:00 app[web.1]: File "t8.py", line 12
2020-10-09T15:08:31.126500+00:00 app[web.1]: if __name__ == "__main__":
2020-10-09T15:08:31.126508+00:00 app[web.1]: ^
2020-10-09T15:08:31.126509+00:00 app[web.1]: IndentationError: expected an indented block
2020-10-09T15:08:31.207043+00:00 heroku[web.1]: Process exited with status 1
2020-10-09T15:08:31.250940+00:00 heroku[web.1]: State changed from starting to crashed
2020-10-09T15:08:34.773684+00:00 heroku[router]: at=error code=H10 desc="App crashed" method=GET path="/" host=defesaactres.herokuapp.com request_id=8918ed8e-b0b4-4c40-8b2d-47f00653027d fwd="201.68.194.142" dyno= connect= service= status=503 bytes= protocol=https
2020-10-09T15:08:36.029154+00:00 heroku[router]: at=error code=H10 desc="App crashed" method=GET path="/favicon.ico" host=defesaactres.herokuapp.com request_id=81d25d4e-ab83-4750-92b6-e8ff779d2b9d fwd="201.68.194.142" dyno= connect= service= status=503 bytes= protocol=https
2020-10-09T15:32:17.304683+00:00 heroku[web.1]: State changed from crashed to starting
2020-10-09T15:32:21.525961+00:00 heroku[web.1]: Starting process with command `python t8.py`
2020-10-09T15:32:24.136300+00:00 app[web.1]: File "t8.py", line 12
2020-10-09T15:32:24.136326+00:00 app[web.1]: if __name__ == "__main__":
2020-10-09T15:32:24.136327+00:00 app[web.1]: ^
2020-10-09T15:32:24.136327+00:00 app[web.1]: IndentationError: expected an indented block
2020-10-09T15:32:24.189525+00:00 heroku[web.1]: Process exited with status 1
2020-10-09T15:32:24.238156+00:00 heroku[web.1]: State changed from starting to crashed
2020-10-09T16:22:34.105876+00:00 heroku[web.1]: State changed from crashed to starting
2020-10-09T16:22:35.279511+00:00 heroku[web.1]: State changed from crashed to starting
2020-10-09T16:22:37.447701+00:00 heroku[web.1]: Starting process with command `python t8.py`
2020-10-09T16:22:40.371681+00:00 app[web.1]: File "t8.py", line 12
2020-10-09T16:22:40.371717+00:00 app[web.1]: if __name__ == "__main__":
2020-10-09T16:22:40.371718+00:00 app[web.1]: ^
2020-10-09T16:22:40.371719+00:00 app[web.1]: IndentationError: expected an indented block
2020-10-09T16:22:40.425695+00:00 heroku[web.1]: Process exited with status 1
2020-10-09T16:22:40.475720+00:00 heroku[web.1]: State changed from starting to crashed
2020-10-09T17:50:58.492106+00:00 heroku[web.1]: State changed from crashed to starting
2020-10-09T17:51:02.649531+00:00 heroku[web.1]: Starting process with command `python t8.py`
2020-10-09T17:51:06.247003+00:00 app[web.1]: File "t8.py", line 12
2020-10-09T17:51:06.247035+00:00 app[web.1]: if __name__ == "__main__":
2020-10-09T17:51:06.247043+00:00 app[web.1]: ^
2020-10-09T17:51:06.247045+00:00 app[web.1]: IndentationError: expected an indented block
2020-10-09T17:51:06.333520+00:00 heroku[web.1]: Process exited with status 1
2020-10-09T17:51:06.388501+00:00 heroku[web.1]: State changed from starting to crashed
2020-10-09T19:21:37.000000+00:00 app[api]: Build started by user igor.amorim@aluno.faculdadeimpacta.com.br
2020-10-09T19:21:59.460357+00:00 app[api]: Deploy bd216335 by user igor.amorim@aluno.faculdadeimpacta.com.br
2020-10-09T19:21:59.460357+00:00 app[api]: Release v5 created by user igor.amorim@aluno.faculdadeimpacta.com.br
2020-10-09T19:21:59.859485+00:00 heroku[web.1]: State changed from crashed to starting
2020-10-09T19:22:03.229047+00:00 heroku[web.1]: Starting process with command `python t8.py`
2020-10-09T19:22:06.058912+00:00 app[web.1]: * Serving Flask app "t8" (lazy loading)
2020-10-09T19:22:06.058929+00:00 app[web.1]: * Environment: production
2020-10-09T19:22:06.059070+00:00 app[web.1]: WARNING: Do not use the development server in a production environment.
2020-10-09T19:22:06.059138+00:00 app[web.1]: Use a production WSGI server instead.
2020-10-09T19:22:06.059193+00:00 app[web.1]: * Debug mode: off
2020-10-09T19:22:06.089995+00:00 app[web.1]: * Running on http://0.0.0.0:19396/ (Press CTRL+C to quit)
2020-10-09T19:22:06.577852+00:00 heroku[web.1]: State changed from starting to up
2020-10-09T19:22:07.000000+00:00 app[api]: Build succeeded
2020-10-09T19:22:20.813783+00:00 app[web.1]: 10.52.12.238 - - [09/Oct/2020 19:22:20] "GET / HTTP/1.1" 200 -
2020-10-09T19:22:20.818619+00:00 heroku[router]: at=info method=GET path="/" host=defesaactres.herokuapp.com request_id=776dfffb-9a55-4721-bd17-d9bc0fd23e12 fwd="201.68.194.142" dyno=web.1 connect=1ms service=5ms status=200 bytes=576 protocol=https
2020-10-09T19:22:21.892820+00:00 app[web.1]: 10.52.12.238 - - [09/Oct/2020 19:22:21] "GET /favicon.ico HTTP/1.1" 404 -
2020-10-09T19:22:21.900686+00:00 heroku[router]: at=info method=GET path="/favicon.ico" host=defesaactres.herokuapp.com request_id=7d012dcc-b94b-496f-aef3-f5fe81ec9934 fwd="201.68.194.142" dyno=web.1 connect=0ms service=16ms status=404 bytes=379 protocol=https
